<?xml version="1.0" encoding="UTF-8"?>
<testsuite name="dev.nurujjamanpollob.iframeplayerandroidapi.ExampleUnitTest" tests="1" skipped="0" failures="0" errors="0" timestamp="2021-09-07T11:50:35" hostname="NJPOLLOB-PC" time="0.001">
  <properties/>
  <testcase name="addition_isCorrect" classname="dev.nurujjamanpollob.iframeplayerandroidapi.ExampleUnitTest" time="0.001"/>
  <system-out><![CDATA[]]></system-out>
  <system-err><![CDATA[]]></system-err>
</testsuite>
